




2025-05-30T04:32:28Z Bitcoin Core version v29.99.0-5471e29d0570 (release build)
2025-05-30T04:32:28Z Using the 'arm_shani(1way,2way)' SHA256 implementation
2025-05-30T04:32:29Z Default data directory /Users/saurabhgangal/Library/Application Support/Bitcoin
2025-05-30T04:32:29Z Using data directory /Users/saurabhgangal/Library/Application Support/Bitcoin
2025-05-30T04:32:29Z Config file: /Users/saurabhgangal/Library/Application Support/Bitcoin/bitcoin.conf
2025-05-30T04:32:29Z Config file arg: rpcallowip="127.0.0.1"
2025-05-30T04:32:29Z Config file arg: rpcauth=****
2025-05-30T04:32:29Z Config file arg: rpcbind="127.0.0.1"
2025-05-30T04:32:29Z Config file arg: server="1"
2025-05-30T04:32:29Z Command-line arg: server=""
2025-05-30T04:32:29Z Using at most 125 automatic connections (1024 file descriptors available)
2025-05-30T04:32:29Z scheduler thread start
2025-05-30T04:32:29Z Binding RPC on address 127.0.0.1 port 8332
2025-05-30T04:32:29Z Generated RPC authentication cookie /Users/saurabhgangal/Library/Application Support/Bitcoin/.cookie
2025-05-30T04:32:29Z Permissions used for cookie: rw-------
2025-05-30T04:32:29Z Using random cookie authentication.
2025-05-30T04:32:29Z Using rpcauth authentication.
2025-05-30T04:32:29Z Starting HTTP server with 16 worker threads
2025-05-30T04:32:29Z Using wallet directory /Users/saurabhgangal/Library/Application Support/Bitcoin
2025-05-30T04:32:29Z init message: Verifying wallet(s)…
2025-05-30T04:32:29Z Using /16 prefix for IP bucketing
2025-05-30T04:32:29Z init message: Loading P2P addresses…
2025-05-30T04:32:29Z Creating peers.dat because the file was not found ("/Users/saurabhgangal/Library/Application Support/Bitcoin/peers.dat")
2025-05-30T04:32:29Z init message: Loading banlist…
2025-05-30T04:32:29Z Recreating the banlist database
2025-05-30T04:32:29Z SetNetworkActive: true
2025-05-30T04:32:29Z /Users/saurabhgangal/Library/Application Support/Bitcoin/fee_estimates.dat is not found. Continue anyway.
2025-05-30T04:32:29Z Cache configuration:
2025-05-30T04:32:29Z * Using 2.0 MiB for block index database
2025-05-30T04:32:29Z * Using 8.0 MiB for chain state database
2025-05-30T04:32:29Z * Using 440.0 MiB for in-memory UTXO set (plus up to 286.1 MiB of unused mempool space)
2025-05-30T04:32:29Z Script verification uses 9 additional threads
2025-05-30T04:32:29Z Using obfuscation key for blocksdir *.dat files (/Users/saurabhgangal/Library/Application Support/Bitcoin/blocks): '1910fedcc6a7f429'
2025-05-30T04:32:29Z Opening LevelDB in /Users/saurabhgangal/Library/Application Support/Bitcoin/blocks/index
2025-05-30T04:32:29Z Opened LevelDB successfully
2025-05-30T04:32:29Z Using obfuscation key for /Users/saurabhgangal/Library/Application Support/Bitcoin/blocks/index: 0000000000000000
2025-05-30T04:32:29Z Using 16 MiB out of 16 MiB requested for signature cache, able to store 524288 elements
2025-05-30T04:32:29Z Using 16 MiB out of 16 MiB requested for script execution cache, able to store 524288 elements
2025-05-30T04:32:29Z init message: Loading block index…
2025-05-30T04:32:29Z Assuming ancestors of block 00000000000000000001b658dd1120e82e66d2790811f89ede9742ada3ed6d77 have valid signatures.
2025-05-30T04:32:29Z Setting nMinimumChainWork=0000000000000000000000000000000000000000b1f3b93b65b16d035a82be84
2025-05-30T04:32:29Z LoadBlockIndexDB: last block file = 0
2025-05-30T04:32:29Z LoadBlockIndexDB: last block file info: CBlockFileInfo(blocks=0, size=0, heights=0...0, time=1970-01-01...1970-01-01)
2025-05-30T04:32:29Z Checking all blk files are present...
2025-05-30T04:32:29Z Initializing chainstate Chainstate [ibd] @ height -1 (null)
2025-05-30T04:32:29Z Opening LevelDB in /Users/saurabhgangal/Library/Application Support/Bitcoin/chainstate
2025-05-30T04:32:29Z Opened LevelDB successfully
2025-05-30T04:32:29Z Wrote new obfuscate key for /Users/saurabhgangal/Library/Application Support/Bitcoin/chainstate: e5f21af0c79fe1fd
2025-05-30T04:32:29Z Using obfuscation key for /Users/saurabhgangal/Library/Application Support/Bitcoin/chainstate: e5f21af0c79fe1fd
2025-05-30T04:32:29Z init message: Verifying blocks…
2025-05-30T04:32:29Z Block index and chainstate loaded
2025-05-30T04:32:29Z Setting NODE_NETWORK on non-prune mode
2025-05-30T04:32:29Z [warning] Disk space for "/Users/saurabhgangal/Library/Application Support/Bitcoin/blocks" may not accommodate the block files. Approximately 720 GB of data will be stored in this directory.
2025-05-30T04:32:29Z initload thread start
2025-05-30T04:32:29Z UpdateTip: new best=000000000019d6689c085ae165831e934ff763ae46a2a6c172b3f1b60a8ce26f height=0 version=0x00000001 log2_work=32.000022 tx=1 date='2009-01-03T18:15:05Z' progress=0.000000 cache=0.3MiB(0txo)
2025-05-30T04:32:29Z block tree size = 1
2025-05-30T04:32:29Z nBestHeight = 0
2025-05-30T04:32:29Z Failed to open mempool file. Continuing anyway.
2025-05-30T04:32:29Z initload thread exit
2025-05-30T04:32:29Z torcontrol thread start
2025-05-30T04:32:29Z AddLocal([2601:19b:67e:a4e0:1821:dc69:408f:3fdb]:8333,1)
2025-05-30T04:32:29Z Discover: 2601:19b:67e:a4e0:1821:dc69:408f:3fdb
2025-05-30T04:32:29Z AddLocal([2601:19b:67e:a4e0:f0ce:241e:827c:7b36]:8333,1)
2025-05-30T04:32:29Z Discover: 2601:19b:67e:a4e0:f0ce:241e:827c:7b36
2025-05-30T04:32:29Z AddLocal([2601:19b:67e:a4e0::cf0a]:8333,1)
2025-05-30T04:32:29Z Discover: 2601:19b:67e:a4e0::cf0a
2025-05-30T04:32:29Z Bound to 127.0.0.1:8334
2025-05-30T04:32:29Z Bound to [::]:8333
2025-05-30T04:32:29Z Bound to 0.0.0.0:8333
2025-05-30T04:32:29Z 0 block-relay-only anchors will be tried for connections.
2025-05-30T04:32:29Z init message: Starting network threads…
2025-05-30T04:32:29Z net thread start
2025-05-30T04:32:29Z dnsseed thread start
2025-05-30T04:32:29Z addcon thread start
2025-05-30T04:32:29Z Loading addresses from DNS seed seed.btc.petertodd.net.
2025-05-30T04:32:29Z opencon thread start
2025-05-30T04:32:29Z msghand thread start
2025-05-30T04:32:29Z init message: Done loading
2025-05-30T04:32:29Z Loading addresses from DNS seed seed.bitcoin.jonasschnelli.ch.
2025-05-30T04:32:33Z New outbound-full-relay v1 peer connected: version: 70016, blocks=899010, peer=0
2025-05-30T04:32:37Z New outbound-full-relay v1 peer connected: version: 70016, blocks=899010, peer=1
2025-05-30T04:32:37Z New outbound-full-relay v1 peer connected: version: 70016, blocks=899010, peer=2
2025-05-30T04:32:46Z Loading addresses from DNS seed seed.mainnet.achownodes.xyz.
2025-05-30T04:32:46Z Loading addresses from DNS seed dnsseed.bluematt.me.
2025-05-30T04:32:46Z Loading addresses from DNS seed seed.bitcoin.sipa.be.
2025-05-30T04:32:47Z Loading addresses from DNS seed dnsseed.emzy.de.
2025-05-30T04:32:49Z Loading addresses from DNS seed seed.bitcoin.wiz.biz.
2025-05-30T04:32:50Z Loading addresses from DNS seed seed.bitcoin.sprovoost.nl.
2025-05-30T04:32:50Z Loading addresses from DNS seed dnsseed.bitcoin.dashjr-list-of-p2p-nodes.us.
2025-05-30T04:32:51Z 254 addresses found from DNS seeds
2025-05-30T04:32:51Z dnsseed thread exit
2025-05-30T04:32:54Z Pre-synchronizing blockheaders, height: 2000 (~0.23%)
2025-05-30T04:33:11Z Pre-synchronizing blockheaders, height: 4000 (~0.46%)
2025-05-30T04:33:12Z New outbound-full-relay v1 peer connected: version: 70016, blocks=899010, peer=3
2025-05-30T04:33:19Z New outbound-full-relay v1 peer connected: version: 70016, blocks=899010, peer=4
2025-05-30T04:33:25Z Pre-synchronizing blockheaders, height: 6000 (~0.70%)
2025-05-30T04:33:36Z New outbound-full-relay v1 peer connected: version: 70016, blocks=899010, peer=5
2025-05-30T04:33:44Z Pre-synchronizing blockheaders, height: 8000 (~0.93%)
2025-05-30T04:33:57Z Pre-synchronizing blockheaders, height: 10000 (~1.16%)
2025-05-30T04:34:00Z New outbound-full-relay v1 peer connected: version: 70016, blocks=899010, peer=6
2025-05-30T04:34:01Z New outbound-full-relay v1 peer connected: version: 70016, blocks=899010, peer=8
2025-05-30T04:34:02Z New block-relay-only v1 peer connected: version: 70016, blocks=899010, peer=9
2025-05-30T04:34:03Z New block-relay-only v1 peer connected: version: 70016, blocks=899010, peer=10
2025-05-30T04:34:25Z Pre-synchronizing blockheaders, height: 12000 (~1.40%)
2025-05-30T04:34:43Z New outbound-full-relay v1 peer connected: version: 70016, blocks=899010, peer=12
2025-05-30T04:34:44Z Pre-synchronizing blockheaders, height: 14000 (~1.63%)
2025-05-30T04:34:49Z New outbound-full-relay v1 peer connected: version: 70016, blocks=899010, peer=13
